2024-08-08T10:56:06.731+05:30  INFO 10924 --- [restartedMain] com.eve.events.EventsApplication         : Starting EventsApplication using Java 17.0.2 with PID 10924 (C:\Users\2322186\Downloads\events\events\target\classes started by 2322186 in C:\Users\2322186\Downloads\events\events)
2024-08-08T10:56:06.756+05:30  INFO 10924 --- [restartedMain] com.eve.events.EventsApplication         : No active profile set, falling back to 1 default profile: "default"
2024-08-08T10:56:06.879+05:30  INFO 10924 --- [restartedMain] .e.DevToolsPropertyDefaultsPostProcessor : Devtools property defaults active! Set 'spring.devtools.add-properties' to 'false' to disable
2024-08-08T10:56:06.880+05:30  INFO 10924 --- [restartedMain] .e.DevToolsPropertyDefaultsPostProcessor : For additional web related logging consider setting the 'logging.level.web' property to 'DEBUG'
2024-08-08T10:56:08.694+05:30  INFO 10924 --- [restartedMain] .s.d.r.c.RepositoryConfigurationDelegate : Bootstrapping Spring Data JPA repositories in DEFAULT mode.
2024-08-08T10:56:08.838+05:30  INFO 10924 --- [restartedMain] .s.d.r.c.RepositoryConfigurationDelegate : Finished Spring Data repository scanning in 127 ms. Found 4 JPA repository interfaces.
2024-08-08T10:56:10.196+05:30  INFO 10924 --- [restartedMain] o.s.b.w.embedded.tomcat.TomcatWebServer  : Tomcat initialized with port 8080 (http)
2024-08-08T10:56:10.220+05:30  INFO 10924 --- [restartedMain] o.apache.catalina.core.StandardService   : Starting service [Tomcat]
2024-08-08T10:56:10.220+05:30  INFO 10924 --- [restartedMain] o.apache.catalina.core.StandardEngine    : Starting Servlet engine: [Apache Tomcat/10.1.19]
2024-08-08T10:56:10.367+05:30  INFO 10924 --- [restartedMain] o.a.c.c.C.[Tomcat].[localhost].[/]       : Initializing Spring embedded WebApplicationContext
2024-08-08T10:56:10.370+05:30  INFO 10924 --- [restartedMain] w.s.c.ServletWebServerApplicationContext : Root WebApplicationContext: initialization completed in 3489 ms
2024-08-08T10:56:10.676+05:30  INFO 10924 --- [restartedMain] o.hibernate.jpa.internal.util.LogHelper  : HHH000204: Processing PersistenceUnitInfo [name: default]
2024-08-08T10:56:10.827+05:30  INFO 10924 --- [restartedMain] org.hibernate.Version                    : HHH000412: Hibernate ORM core version 6.4.4.Final
2024-08-08T10:56:10.939+05:30  INFO 10924 --- [restartedMain] o.h.c.internal.RegionFactoryInitiator    : HHH000026: Second-level cache disabled
2024-08-08T10:56:11.379+05:30  INFO 10924 --- [restartedMain] o.s.o.j.p.SpringPersistenceUnitInfo      : No LoadTimeWeaver setup: ignoring JPA class transformer
2024-08-08T10:56:11.441+05:30  INFO 10924 --- [restartedMain] com.zaxxer.hikari.HikariDataSource       : HikariPool-1 - Starting...
2024-08-08T10:56:12.046+05:30  INFO 10924 --- [restartedMain] com.zaxxer.hikari.pool.HikariPool        : HikariPool-1 - Added connection com.mysql.cj.jdbc.ConnectionImpl@30079d9a
2024-08-08T10:56:12.050+05:30  INFO 10924 --- [restartedMain] com.zaxxer.hikari.HikariDataSource       : HikariPool-1 - Start completed.
2024-08-08T10:56:14.238+05:30  INFO 10924 --- [restartedMain] o.h.e.t.j.p.i.JtaPlatformInitiator       : HHH000489: No JTA platform available (set 'hibernate.transaction.jta.platform' to enable JTA platform integration)
2024-08-08T10:56:14.403+05:30  INFO 10924 --- [restartedMain] j.LocalContainerEntityManagerFactoryBean : Initialized JPA EntityManagerFactory for persistence unit 'default'
2024-08-08T10:56:15.340+05:30  INFO 10924 --- [restartedMain] com.eve.events.EventsApplication         : Creating ModelMapper bean
2024-08-08T10:56:15.932+05:30  WARN 10924 --- [restartedMain] JpaBaseConfiguration$JpaWebConfiguration : spring.jpa.open-in-view is enabled by default. Therefore, database queries may be performed during view rendering. Explicitly configure spring.jpa.open-in-view to disable this warning
2024-08-08T10:56:16.722+05:30  INFO 10924 --- [restartedMain] o.s.s.web.DefaultSecurityFilterChain     : Will secure any request with [org.springframework.security.web.session.DisableEncodeUrlFilter@76ee041a, org.springframework.security.web.context.request.async.WebAsyncManagerIntegrationFilter@794bd5da, org.springframework.security.web.context.SecurityContextHolderFilter@1caa44a7, org.springframework.security.web.header.HeaderWriterFilter@48b05b8c, org.springframework.web.filter.CorsFilter@7498eb67, org.springframework.security.web.authentication.logout.LogoutFilter@3fe5dde0, com.eve.events.config.JwtAuthenticationFilter@f6cb110, org.springframework.security.web.savedrequest.RequestCacheAwareFilter@4a4831f7, org.springframework.security.web.servletapi.SecurityContextHolderAwareRequestFilter@7ddba5e, org.springframework.security.web.authentication.AnonymousAuthenticationFilter@5637175, org.springframework.security.web.session.SessionManagementFilter@786c5810, org.springframework.security.web.access.ExceptionTranslationFilter@aba5018, org.springframework.security.web.access.intercept.AuthorizationFilter@281a578]
2024-08-08T10:56:17.195+05:30  INFO 10924 --- [restartedMain] o.s.b.d.a.OptionalLiveReloadServer       : LiveReload server is running on port 35729
2024-08-08T10:56:17.263+05:30  INFO 10924 --- [restartedMain] o.s.b.w.embedded.tomcat.TomcatWebServer  : Tomcat started on port 8080 (http) with context path ''
2024-08-08T10:56:17.278+05:30  INFO 10924 --- [restartedMain] com.eve.events.EventsApplication         : Started EventsApplication in 11.235 seconds (process running for 12.862)
2024-08-08T10:56:17.285+05:30  INFO 10924 --- [restartedMain] com.eve.events.EventsApplication         : EventsHub Application started successfully
